2018-07-01 19:35:53 [main] INFO  com.messenger.MessengerApplication - Starting MessengerApplication on LAPTOP-OQFHP5GJ with PID 11036 (C:\Users\Harsh\Desktop\harsh-git\Assignment-Workspace\Messenger\build\libs\Messenger.jar started by Harsh in C:\Users\Harsh\Desktop\harsh-git\Assignment-Workspace\Messenger\build\libs)
2018-07-01 19:35:53 [main] DEBUG com.messenger.MessengerApplication - Running with Spring Boot v2.0.3.RELEASE, Spring v5.0.7.RELEASE
2018-07-01 19:35:53 [main] INFO  com.messenger.MessengerApplication - The following profiles are active: prod
2018-07-01 19:35:57 [localhost-startStop-1] DEBUG com.messenger.filter.MyFilter - init myfilter
2018-07-01 19:35:57 [localhost-startStop-1] DEBUG com.messenger.filter.CORSFilter - Filter Registered
2018-07-01 19:36:07 [main] INFO  com.messenger.MessengerApplication - Started MessengerApplication in 15.143 seconds (JVM running for 16.941)
2018-07-01 19:36:07 [main] INFO  com.messenger.MessengerApplication - Message logged at logging level info
2018-07-01 19:36:07 [main] DEBUG com.messenger.MessengerApplication - Message logged at logging level debug
2018-07-01 19:36:07 [main] WARN  com.messenger.MessengerApplication - Message logged at logging level warn
2018-07-01 19:36:07 [main] ERROR com.messenger.MessengerApplication - Message logged at logging level error
2018-07-01 19:36:25 [http-nio-8080-exec-10] DEBUG com.messenger.filter.CORSFilter - Cors called
2018-07-01 19:36:25 [http-nio-8080-exec-10] DEBUG com.messenger.filter.MyFilter - myfilter called0:0:0:0:0:0:0:1
2018-07-01 19:36:34 [localhost-startStop-2] DEBUG com.messenger.filter.MyFilter - Destroy myfilter
2018-07-01 19:37:06 [main] INFO  com.messenger.MessengerApplication - Starting MessengerApplication on LAPTOP-OQFHP5GJ with PID 8180 (C:\Users\Harsh\Desktop\harsh-git\Assignment-Workspace\Messenger\build\libs\Messenger.jar started by Harsh in C:\Users\Harsh\Desktop\harsh-git\Assignment-Workspace\Messenger\build\libs)
2018-07-01 19:37:06 [main] DEBUG com.messenger.MessengerApplication - Running with Spring Boot v2.0.3.RELEASE, Spring v5.0.7.RELEASE
2018-07-01 19:37:06 [main] INFO  com.messenger.MessengerApplication - No active profile set, falling back to default profiles: default
2018-07-01 19:37:09 [localhost-startStop-1] DEBUG com.messenger.filter.MyFilter - init myfilter
2018-07-01 19:37:09 [localhost-startStop-1] DEBUG com.messenger.filter.CORSFilter - Filter Registered
2018-07-01 19:37:13 [main] INFO  com.messenger.MessengerApplication - Started MessengerApplication in 7.92 seconds (JVM running for 8.781)
2018-07-01 19:37:13 [main] INFO  com.messenger.MessengerApplication - Message logged at logging level info
2018-07-01 19:37:13 [main] DEBUG com.messenger.MessengerApplication - Message logged at logging level debug
2018-07-01 19:37:13 [main] WARN  com.messenger.MessengerApplication - Message logged at logging level warn
2018-07-01 19:37:13 [main] ERROR com.messenger.MessengerApplication - Message logged at logging level error
2018-07-01 19:37:31 [localhost-startStop-2] DEBUG com.messenger.filter.MyFilter - Destroy myfilter
